<?xml version="1.0" encoding="UTF-8"?>
<!-- Generated by org.testng.reporters.JUnitReportReporter -->
<testsuite hostname="Viacheslavs-MacBook-Pro.local" failures="0" tests="1" name="JiraAPIGetIssue" time="2.821" errors="0" timestamp="01 Oct 2020 14:46:54 GMT" skipped="0">
  <testcase classname="JiraAPIGetIssue" name="getExistingIssue" time="2.821"/>
</testsuite> <!-- JiraAPIGetIssue -->
