<?xml version="1.0" encoding="UTF-8"?>
<!-- Generated by org.testng.reporters.JUnitReportReporter -->
<testsuite hostname="Viacheslavs-MacBook-Pro.local" failures="0" tests="1" name="JiraAPIGetIssue" time="3.151" errors="0" timestamp="04 Oct 2020 19:30:21 GMT" skipped="0">
  <testcase classname="JiraAPIGetIssue" name="getIssue" time="3.151"/>
</testsuite> <!-- JiraAPIGetIssue -->
